2014-12-31 13:40:02 - PHP Warning:  session_start(): Cannot send session cache limiter - headers already sent (output started at /Users/williantolotti/Work DP6/E-commerce - Sala de Treinamento/upload/admin/config.php:9) in /Users/williantolotti/Work DP6/E-commerce - Sala de Treinamento/upload/system/library/session.php on line 12
2014-12-31 13:40:02 - PHP Warning:  Cannot modify header information - headers already sent by (output started at /Users/williantolotti/Work DP6/E-commerce - Sala de Treinamento/upload/admin/config.php:9) in /Users/williantolotti/Work DP6/E-commerce - Sala de Treinamento/upload/system/library/currency.php on line 45
2014-12-31 13:40:03 - PHP Warning:  session_start(): Cannot send session cache limiter - headers already sent (output started at /Users/williantolotti/Work DP6/E-commerce - Sala de Treinamento/upload/admin/config.php:9) in /Users/williantolotti/Work DP6/E-commerce - Sala de Treinamento/upload/system/library/session.php on line 12
2014-12-31 13:40:03 - PHP Warning:  Cannot modify header information - headers already sent by (output started at /Users/williantolotti/Work DP6/E-commerce - Sala de Treinamento/upload/admin/config.php:9) in /Users/williantolotti/Work DP6/E-commerce - Sala de Treinamento/upload/system/library/currency.php on line 45
2014-12-31 13:40:03 - PHP Warning:  session_start(): Cannot send session cache limiter - headers already sent (output started at /Users/williantolotti/Work DP6/E-commerce - Sala de Treinamento/upload/admin/config.php:9) in /Users/williantolotti/Work DP6/E-commerce - Sala de Treinamento/upload/system/library/session.php on line 12
2014-12-31 13:40:03 - PHP Warning:  Cannot modify header information - headers already sent by (output started at /Users/williantolotti/Work DP6/E-commerce - Sala de Treinamento/upload/admin/config.php:9) in /Users/williantolotti/Work DP6/E-commerce - Sala de Treinamento/upload/system/library/currency.php on line 45
2014-12-31 13:40:03 - PHP Warning:  session_start(): Cannot send session cache limiter - headers already sent (output started at /Users/williantolotti/Work DP6/E-commerce - Sala de Treinamento/upload/admin/config.php:9) in /Users/williantolotti/Work DP6/E-commerce - Sala de Treinamento/upload/system/library/session.php on line 12
2014-12-31 13:40:03 - PHP Warning:  Cannot modify header information - headers already sent by (output started at /Users/williantolotti/Work DP6/E-commerce - Sala de Treinamento/upload/admin/config.php:9) in /Users/williantolotti/Work DP6/E-commerce - Sala de Treinamento/upload/system/library/currency.php on line 45
2014-12-31 13:40:03 - PHP Warning:  session_start(): Cannot send session cache limiter - headers already sent (output started at /Users/williantolotti/Work DP6/E-commerce - Sala de Treinamento/upload/admin/config.php:9) in /Users/williantolotti/Work DP6/E-commerce - Sala de Treinamento/upload/system/library/session.php on line 12
2014-12-31 13:40:03 - PHP Warning:  Cannot modify header information - headers already sent by (output started at /Users/williantolotti/Work DP6/E-commerce - Sala de Treinamento/upload/admin/config.php:9) in /Users/williantolotti/Work DP6/E-commerce - Sala de Treinamento/upload/system/library/currency.php on line 45
2014-12-31 13:40:05 - PHP Warning:  session_start(): Cannot send session cache limiter - headers already sent (output started at /Users/williantolotti/Work DP6/E-commerce - Sala de Treinamento/upload/admin/config.php:9) in /Users/williantolotti/Work DP6/E-commerce - Sala de Treinamento/upload/system/library/session.php on line 12
2014-12-31 13:40:05 - PHP Warning:  Cannot modify header information - headers already sent by (output started at /Users/williantolotti/Work DP6/E-commerce - Sala de Treinamento/upload/admin/config.php:9) in /Users/williantolotti/Work DP6/E-commerce - Sala de Treinamento/upload/system/library/currency.php on line 45
2014-12-31 13:40:05 - PHP Warning:  session_start(): Cannot send session cache limiter - headers already sent (output started at /Users/williantolotti/Work DP6/E-commerce - Sala de Treinamento/upload/admin/config.php:9) in /Users/williantolotti/Work DP6/E-commerce - Sala de Treinamento/upload/system/library/session.php on line 12
2014-12-31 13:40:05 - PHP Warning:  Cannot modify header information - headers already sent by (output started at /Users/williantolotti/Work DP6/E-commerce - Sala de Treinamento/upload/admin/config.php:9) in /Users/williantolotti/Work DP6/E-commerce - Sala de Treinamento/upload/system/library/currency.php on line 45
2014-12-31 13:42:15 - PHP Warning:  session_start(): Cannot send session cache limiter - headers already sent (output started at /Users/williantolotti/Work DP6/E-commerce - Sala de Treinamento/upload/admin/config.php:9) in /Users/williantolotti/Work DP6/E-commerce - Sala de Treinamento/upload/system/library/session.php on line 12
2014-12-31 13:42:15 - PHP Warning:  Cannot modify header information - headers already sent by (output started at /Users/williantolotti/Work DP6/E-commerce - Sala de Treinamento/upload/admin/config.php:9) in /Users/williantolotti/Work DP6/E-commerce - Sala de Treinamento/upload/system/library/currency.php on line 45
2014-12-31 13:42:17 - PHP Warning:  session_start(): Cannot send session cache limiter - headers already sent (output started at /Users/williantolotti/Work DP6/E-commerce - Sala de Treinamento/upload/admin/config.php:9) in /Users/williantolotti/Work DP6/E-commerce - Sala de Treinamento/upload/system/library/session.php on line 12
2014-12-31 13:42:17 - PHP Warning:  Cannot modify header information - headers already sent by (output started at /Users/williantolotti/Work DP6/E-commerce - Sala de Treinamento/upload/admin/config.php:9) in /Users/williantolotti/Work DP6/E-commerce - Sala de Treinamento/upload/system/library/currency.php on line 45
2014-12-31 13:42:18 - PHP Warning:  session_start(): Cannot send session cache limiter - headers already sent (output started at /Users/williantolotti/Work DP6/E-commerce - Sala de Treinamento/upload/admin/config.php:9) in /Users/williantolotti/Work DP6/E-commerce - Sala de Treinamento/upload/system/library/session.php on line 12
2014-12-31 13:42:18 - PHP Warning:  Cannot modify header information - headers already sent by (output started at /Users/williantolotti/Work DP6/E-commerce - Sala de Treinamento/upload/admin/config.php:9) in /Users/williantolotti/Work DP6/E-commerce - Sala de Treinamento/upload/system/library/currency.php on line 45
2014-12-31 13:42:19 - PHP Warning:  session_start(): Cannot send session cache limiter - headers already sent (output started at /Users/williantolotti/Work DP6/E-commerce - Sala de Treinamento/upload/admin/config.php:9) in /Users/williantolotti/Work DP6/E-commerce - Sala de Treinamento/upload/system/library/session.php on line 12
2014-12-31 13:42:19 - PHP Warning:  Cannot modify header information - headers already sent by (output started at /Users/williantolotti/Work DP6/E-commerce - Sala de Treinamento/upload/admin/config.php:9) in /Users/williantolotti/Work DP6/E-commerce - Sala de Treinamento/upload/system/library/currency.php on line 45
2014-12-31 13:42:19 - PHP Warning:  session_start(): Cannot send session cache limiter - headers already sent (output started at /Users/williantolotti/Work DP6/E-commerce - Sala de Treinamento/upload/admin/config.php:9) in /Users/williantolotti/Work DP6/E-commerce - Sala de Treinamento/upload/system/library/session.php on line 12
2014-12-31 13:42:19 - PHP Warning:  Cannot modify header information - headers already sent by (output started at /Users/williantolotti/Work DP6/E-commerce - Sala de Treinamento/upload/admin/config.php:9) in /Users/williantolotti/Work DP6/E-commerce - Sala de Treinamento/upload/system/library/currency.php on line 45
2014-12-31 13:45:53 - PHP Warning:  session_start(): Cannot send session cache limiter - headers already sent (output started at /Users/williantolotti/Work DP6/E-commerce - Sala de Treinamento/upload/admin/config.php:10) in /Users/williantolotti/Work DP6/E-commerce - Sala de Treinamento/upload/system/library/session.php on line 12
2014-12-31 13:45:53 - PHP Warning:  Cannot modify header information - headers already sent by (output started at /Users/williantolotti/Work DP6/E-commerce - Sala de Treinamento/upload/admin/config.php:10) in /Users/williantolotti/Work DP6/E-commerce - Sala de Treinamento/upload/system/library/currency.php on line 45
2014-12-31 13:45:54 - PHP Warning:  session_start(): Cannot send session cache limiter - headers already sent (output started at /Users/williantolotti/Work DP6/E-commerce - Sala de Treinamento/upload/admin/config.php:10) in /Users/williantolotti/Work DP6/E-commerce - Sala de Treinamento/upload/system/library/session.php on line 12
2014-12-31 13:45:54 - PHP Warning:  Cannot modify header information - headers already sent by (output started at /Users/williantolotti/Work DP6/E-commerce - Sala de Treinamento/upload/admin/config.php:10) in /Users/williantolotti/Work DP6/E-commerce - Sala de Treinamento/upload/system/library/currency.php on line 45
2014-12-31 13:45:54 - PHP Warning:  session_start(): Cannot send session cache limiter - headers already sent (output started at /Users/williantolotti/Work DP6/E-commerce - Sala de Treinamento/upload/admin/config.php:10) in /Users/williantolotti/Work DP6/E-commerce - Sala de Treinamento/upload/system/library/session.php on line 12
2014-12-31 13:45:54 - PHP Warning:  Cannot modify header information - headers already sent by (output started at /Users/williantolotti/Work DP6/E-commerce - Sala de Treinamento/upload/admin/config.php:10) in /Users/williantolotti/Work DP6/E-commerce - Sala de Treinamento/upload/system/library/currency.php on line 45
2014-12-31 13:52:29 - PHP Warning:  session_start(): Cannot send session cache limiter - headers already sent (output started at /Users/williantolotti/Work DP6/E-commerce - Sala de Treinamento/upload/admin/config.php:10) in /Users/williantolotti/Work DP6/E-commerce - Sala de Treinamento/upload/system/library/session.php on line 12
2014-12-31 13:52:29 - PHP Warning:  Cannot modify header information - headers already sent by (output started at /Users/williantolotti/Work DP6/E-commerce - Sala de Treinamento/upload/admin/config.php:10) in /Users/williantolotti/Work DP6/E-commerce - Sala de Treinamento/upload/system/library/currency.php on line 45
2014-12-31 13:52:30 - PHP Warning:  session_start(): Cannot send session cache limiter - headers already sent (output started at /Users/williantolotti/Work DP6/E-commerce - Sala de Treinamento/upload/admin/config.php:10) in /Users/williantolotti/Work DP6/E-commerce - Sala de Treinamento/upload/system/library/session.php on line 12
2014-12-31 13:52:30 - PHP Warning:  Cannot modify header information - headers already sent by (output started at /Users/williantolotti/Work DP6/E-commerce - Sala de Treinamento/upload/admin/config.php:10) in /Users/williantolotti/Work DP6/E-commerce - Sala de Treinamento/upload/system/library/currency.php on line 45
2014-12-31 13:52:30 - PHP Warning:  session_start(): Cannot send session cache limiter - headers already sent (output started at /Users/williantolotti/Work DP6/E-commerce - Sala de Treinamento/upload/admin/config.php:10) in /Users/williantolotti/Work DP6/E-commerce - Sala de Treinamento/upload/system/library/session.php on line 12
2014-12-31 13:52:30 - PHP Warning:  Cannot modify header information - headers already sent by (output started at /Users/williantolotti/Work DP6/E-commerce - Sala de Treinamento/upload/admin/config.php:10) in /Users/williantolotti/Work DP6/E-commerce - Sala de Treinamento/upload/system/library/currency.php on line 45
2014-12-31 13:52:32 - PHP Warning:  session_start(): Cannot send session cache limiter - headers already sent (output started at /Users/williantolotti/Work DP6/E-commerce - Sala de Treinamento/upload/admin/config.php:10) in /Users/williantolotti/Work DP6/E-commerce - Sala de Treinamento/upload/system/library/session.php on line 12
2014-12-31 13:52:32 - PHP Warning:  Cannot modify header information - headers already sent by (output started at /Users/williantolotti/Work DP6/E-commerce - Sala de Treinamento/upload/admin/config.php:10) in /Users/williantolotti/Work DP6/E-commerce - Sala de Treinamento/upload/system/library/currency.php on line 45
2014-12-31 13:52:34 - PHP Warning:  session_start(): Cannot send session cache limiter - headers already sent (output started at /Users/williantolotti/Work DP6/E-commerce - Sala de Treinamento/upload/admin/config.php:10) in /Users/williantolotti/Work DP6/E-commerce - Sala de Treinamento/upload/system/library/session.php on line 12
2014-12-31 13:52:34 - PHP Warning:  Cannot modify header information - headers already sent by (output started at /Users/williantolotti/Work DP6/E-commerce - Sala de Treinamento/upload/admin/config.php:10) in /Users/williantolotti/Work DP6/E-commerce - Sala de Treinamento/upload/system/library/currency.php on line 45
2014-12-31 13:52:34 - PHP Warning:  session_start(): Cannot send session cache limiter - headers already sent (output started at /Users/williantolotti/Work DP6/E-commerce - Sala de Treinamento/upload/admin/config.php:10) in /Users/williantolotti/Work DP6/E-commerce - Sala de Treinamento/upload/system/library/session.php on line 12
2014-12-31 13:52:34 - PHP Warning:  Cannot modify header information - headers already sent by (output started at /Users/williantolotti/Work DP6/E-commerce - Sala de Treinamento/upload/admin/config.php:10) in /Users/williantolotti/Work DP6/E-commerce - Sala de Treinamento/upload/system/library/currency.php on line 45
2014-12-31 13:52:38 - PHP Warning:  session_start(): Cannot send session cache limiter - headers already sent (output started at /Users/williantolotti/Work DP6/E-commerce - Sala de Treinamento/upload/admin/config.php:11) in /Users/williantolotti/Work DP6/E-commerce - Sala de Treinamento/upload/system/library/session.php on line 12
2014-12-31 13:52:38 - PHP Warning:  Cannot modify header information - headers already sent by (output started at /Users/williantolotti/Work DP6/E-commerce - Sala de Treinamento/upload/admin/config.php:11) in /Users/williantolotti/Work DP6/E-commerce - Sala de Treinamento/upload/system/library/currency.php on line 45
2014-12-31 13:52:39 - PHP Warning:  session_start(): Cannot send session cache limiter - headers already sent (output started at /Users/williantolotti/Work DP6/E-commerce - Sala de Treinamento/upload/admin/config.php:11) in /Users/williantolotti/Work DP6/E-commerce - Sala de Treinamento/upload/system/library/session.php on line 12
2014-12-31 13:52:39 - PHP Warning:  Cannot modify header information - headers already sent by (output started at /Users/williantolotti/Work DP6/E-commerce - Sala de Treinamento/upload/admin/config.php:11) in /Users/williantolotti/Work DP6/E-commerce - Sala de Treinamento/upload/system/library/currency.php on line 45
2014-12-31 13:52:39 - PHP Warning:  session_start(): Cannot send session cache limiter - headers already sent (output started at /Users/williantolotti/Work DP6/E-commerce - Sala de Treinamento/upload/admin/config.php:11) in /Users/williantolotti/Work DP6/E-commerce - Sala de Treinamento/upload/system/library/session.php on line 12
2014-12-31 13:52:39 - PHP Warning:  Cannot modify header information - headers already sent by (output started at /Users/williantolotti/Work DP6/E-commerce - Sala de Treinamento/upload/admin/config.php:11) in /Users/williantolotti/Work DP6/E-commerce - Sala de Treinamento/upload/system/library/currency.php on line 45
2014-12-31 13:56:54 - PHP Warning:  session_start(): Cannot send session cache limiter - headers already sent (output started at /Users/williantolotti/Work DP6/E-commerce - Sala de Treinamento/upload/admin/config.php:11) in /Users/williantolotti/Work DP6/E-commerce - Sala de Treinamento/upload/system/library/session.php on line 12
2014-12-31 13:56:54 - PHP Warning:  Cannot modify header information - headers already sent by (output started at /Users/williantolotti/Work DP6/E-commerce - Sala de Treinamento/upload/admin/config.php:11) in /Users/williantolotti/Work DP6/E-commerce - Sala de Treinamento/upload/system/library/currency.php on line 45
2014-12-31 13:56:56 - PHP Warning:  session_start(): Cannot send session cache limiter - headers already sent (output started at /Users/williantolotti/Work DP6/E-commerce - Sala de Treinamento/upload/admin/config.php:11) in /Users/williantolotti/Work DP6/E-commerce - Sala de Treinamento/upload/system/library/session.php on line 12
2014-12-31 13:56:56 - PHP Warning:  Cannot modify header information - headers already sent by (output started at /Users/williantolotti/Work DP6/E-commerce - Sala de Treinamento/upload/admin/config.php:11) in /Users/williantolotti/Work DP6/E-commerce - Sala de Treinamento/upload/system/library/currency.php on line 45
2014-12-31 13:56:56 - PHP Warning:  session_start(): Cannot send session cache limiter - headers already sent (output started at /Users/williantolotti/Work DP6/E-commerce - Sala de Treinamento/upload/admin/config.php:11) in /Users/williantolotti/Work DP6/E-commerce - Sala de Treinamento/upload/system/library/session.php on line 12
2014-12-31 13:56:56 - PHP Warning:  Cannot modify header information - headers already sent by (output started at /Users/williantolotti/Work DP6/E-commerce - Sala de Treinamento/upload/admin/config.php:11) in /Users/williantolotti/Work DP6/E-commerce - Sala de Treinamento/upload/system/library/currency.php on line 45
2014-12-31 14:26:35 - PHP Warning:  session_start(): Cannot send session cache limiter - headers already sent (output started at /Users/williantolotti/Work DP6/E-commerce - Sala de Treinamento/upload/system/helper/digitalData.php:3) in /Users/williantolotti/Work DP6/E-commerce - Sala de Treinamento/upload/system/library/session.php on line 12
2014-12-31 14:26:35 - PHP Warning:  Cannot modify header information - headers already sent by (output started at /Users/williantolotti/Work DP6/E-commerce - Sala de Treinamento/upload/system/helper/digitalData.php:3) in /Users/williantolotti/Work DP6/E-commerce - Sala de Treinamento/upload/index.php on line 173
2014-12-31 14:26:35 - PHP Warning:  Cannot modify header information - headers already sent by (output started at /Users/williantolotti/Work DP6/E-commerce - Sala de Treinamento/upload/system/helper/digitalData.php:3) in /Users/williantolotti/Work DP6/E-commerce - Sala de Treinamento/upload/system/library/currency.php on line 45
2014-12-31 14:26:37 - PHP Warning:  session_start(): Cannot send session cache limiter - headers already sent (output started at /Users/williantolotti/Work DP6/E-commerce - Sala de Treinamento/upload/system/helper/digitalData.php:3) in /Users/williantolotti/Work DP6/E-commerce - Sala de Treinamento/upload/system/library/session.php on line 12
2014-12-31 14:26:37 - PHP Warning:  Cannot modify header information - headers already sent by (output started at /Users/williantolotti/Work DP6/E-commerce - Sala de Treinamento/upload/system/helper/digitalData.php:3) in /Users/williantolotti/Work DP6/E-commerce - Sala de Treinamento/upload/index.php on line 173
2014-12-31 14:26:37 - PHP Warning:  Cannot modify header information - headers already sent by (output started at /Users/williantolotti/Work DP6/E-commerce - Sala de Treinamento/upload/system/helper/digitalData.php:3) in /Users/williantolotti/Work DP6/E-commerce - Sala de Treinamento/upload/system/library/currency.php on line 45
2014-12-31 14:26:38 - PHP Warning:  session_start(): Cannot send session cache limiter - headers already sent (output started at /Users/williantolotti/Work DP6/E-commerce - Sala de Treinamento/upload/system/helper/digitalData.php:3) in /Users/williantolotti/Work DP6/E-commerce - Sala de Treinamento/upload/system/library/session.php on line 12
2014-12-31 14:26:38 - PHP Warning:  Cannot modify header information - headers already sent by (output started at /Users/williantolotti/Work DP6/E-commerce - Sala de Treinamento/upload/system/helper/digitalData.php:3) in /Users/williantolotti/Work DP6/E-commerce - Sala de Treinamento/upload/index.php on line 173
2014-12-31 14:26:38 - PHP Warning:  Cannot modify header information - headers already sent by (output started at /Users/williantolotti/Work DP6/E-commerce - Sala de Treinamento/upload/system/helper/digitalData.php:3) in /Users/williantolotti/Work DP6/E-commerce - Sala de Treinamento/upload/system/library/currency.php on line 45
2015-01-02 14:37:15 - PHP Notice:  Array to string conversion in /Users/williantolotti/Work DP6/E-commerce - Sala de Treinamento/saladetreinamento/upload/index.php on line 268
2015-01-03 2:54:55 - PHP Notice:  Undefined index: model in /Users/williantolotti/Work DP6/E-commerce - Sala de Treinamento/saladetreinamento/upload/catalog/view/theme/default/template/module/featured.tpl on line 22
2015-01-03 2:54:55 - PHP Notice:  Undefined index: model in /Users/williantolotti/Work DP6/E-commerce - Sala de Treinamento/saladetreinamento/upload/catalog/view/theme/default/template/module/featured.tpl on line 22
2015-01-03 2:54:55 - PHP Notice:  Undefined index: model in /Users/williantolotti/Work DP6/E-commerce - Sala de Treinamento/saladetreinamento/upload/catalog/view/theme/default/template/module/featured.tpl on line 22
2015-01-03 2:54:55 - PHP Notice:  Undefined index: model in /Users/williantolotti/Work DP6/E-commerce - Sala de Treinamento/saladetreinamento/upload/catalog/view/theme/default/template/module/featured.tpl on line 22
2015-01-03 2:55:04 - PHP Notice:  Undefined index: model in /Users/williantolotti/Work DP6/E-commerce - Sala de Treinamento/saladetreinamento/upload/catalog/view/theme/default/template/module/featured.tpl on line 22
2015-01-03 2:55:04 - PHP Notice:  Undefined index: model in /Users/williantolotti/Work DP6/E-commerce - Sala de Treinamento/saladetreinamento/upload/catalog/view/theme/default/template/module/featured.tpl on line 22
2015-01-03 2:55:04 - PHP Notice:  Undefined index: model in /Users/williantolotti/Work DP6/E-commerce - Sala de Treinamento/saladetreinamento/upload/catalog/view/theme/default/template/module/featured.tpl on line 22
2015-01-03 2:55:04 - PHP Notice:  Undefined index: model in /Users/williantolotti/Work DP6/E-commerce - Sala de Treinamento/saladetreinamento/upload/catalog/view/theme/default/template/module/featured.tpl on line 22
2015-01-03 2:55:05 - PHP Notice:  Undefined index: model in /Users/williantolotti/Work DP6/E-commerce - Sala de Treinamento/saladetreinamento/upload/catalog/view/theme/default/template/module/featured.tpl on line 22
2015-01-03 2:55:05 - PHP Notice:  Undefined index: model in /Users/williantolotti/Work DP6/E-commerce - Sala de Treinamento/saladetreinamento/upload/catalog/view/theme/default/template/module/featured.tpl on line 22
2015-01-03 2:55:05 - PHP Notice:  Undefined index: model in /Users/williantolotti/Work DP6/E-commerce - Sala de Treinamento/saladetreinamento/upload/catalog/view/theme/default/template/module/featured.tpl on line 22
2015-01-03 2:55:05 - PHP Notice:  Undefined index: model in /Users/williantolotti/Work DP6/E-commerce - Sala de Treinamento/saladetreinamento/upload/catalog/view/theme/default/template/module/featured.tpl on line 22
2015-01-03 2:55:05 - PHP Notice:  Undefined index: model in /Users/williantolotti/Work DP6/E-commerce - Sala de Treinamento/saladetreinamento/upload/catalog/view/theme/default/template/module/featured.tpl on line 22
2015-01-03 2:55:05 - PHP Notice:  Undefined index: model in /Users/williantolotti/Work DP6/E-commerce - Sala de Treinamento/saladetreinamento/upload/catalog/view/theme/default/template/module/featured.tpl on line 22
2015-01-03 2:55:05 - PHP Notice:  Undefined index: model in /Users/williantolotti/Work DP6/E-commerce - Sala de Treinamento/saladetreinamento/upload/catalog/view/theme/default/template/module/featured.tpl on line 22
2015-01-03 2:55:05 - PHP Notice:  Undefined index: model in /Users/williantolotti/Work DP6/E-commerce - Sala de Treinamento/saladetreinamento/upload/catalog/view/theme/default/template/module/featured.tpl on line 22
2015-01-03 2:55:06 - PHP Notice:  Undefined index: model in /Users/williantolotti/Work DP6/E-commerce - Sala de Treinamento/saladetreinamento/upload/catalog/view/theme/default/template/module/featured.tpl on line 22
2015-01-03 2:55:06 - PHP Notice:  Undefined index: model in /Users/williantolotti/Work DP6/E-commerce - Sala de Treinamento/saladetreinamento/upload/catalog/view/theme/default/template/module/featured.tpl on line 22
2015-01-03 2:55:06 - PHP Notice:  Undefined index: model in /Users/williantolotti/Work DP6/E-commerce - Sala de Treinamento/saladetreinamento/upload/catalog/view/theme/default/template/module/featured.tpl on line 22
2015-01-03 2:55:06 - PHP Notice:  Undefined index: model in /Users/williantolotti/Work DP6/E-commerce - Sala de Treinamento/saladetreinamento/upload/catalog/view/theme/default/template/module/featured.tpl on line 22
2015-01-03 3:04:02 - PHP Notice:  Undefined index: model in /Users/williantolotti/Work DP6/E-commerce - Sala de Treinamento/saladetreinamento/upload/catalog/view/theme/default/template/module/featured.tpl on line 22
2015-01-03 3:04:02 - PHP Notice:  Undefined index: model in /Users/williantolotti/Work DP6/E-commerce - Sala de Treinamento/saladetreinamento/upload/catalog/view/theme/default/template/module/featured.tpl on line 22
2015-01-03 3:04:02 - PHP Notice:  Undefined index: model in /Users/williantolotti/Work DP6/E-commerce - Sala de Treinamento/saladetreinamento/upload/catalog/view/theme/default/template/module/featured.tpl on line 22
2015-01-03 3:04:02 - PHP Notice:  Undefined index: model in /Users/williantolotti/Work DP6/E-commerce - Sala de Treinamento/saladetreinamento/upload/catalog/view/theme/default/template/module/featured.tpl on line 22
2015-01-03 3:04:03 - PHP Notice:  Undefined index: model in /Users/williantolotti/Work DP6/E-commerce - Sala de Treinamento/saladetreinamento/upload/catalog/view/theme/default/template/module/featured.tpl on line 22
2015-01-03 3:04:03 - PHP Notice:  Undefined index: model in /Users/williantolotti/Work DP6/E-commerce - Sala de Treinamento/saladetreinamento/upload/catalog/view/theme/default/template/module/featured.tpl on line 22
2015-01-03 3:04:03 - PHP Notice:  Undefined index: model in /Users/williantolotti/Work DP6/E-commerce - Sala de Treinamento/saladetreinamento/upload/catalog/view/theme/default/template/module/featured.tpl on line 22
2015-01-03 3:04:03 - PHP Notice:  Undefined index: model in /Users/williantolotti/Work DP6/E-commerce - Sala de Treinamento/saladetreinamento/upload/catalog/view/theme/default/template/module/featured.tpl on line 22
2015-01-03 3:10:01 - PHP Notice:  Array to string conversion in /Users/williantolotti/Work DP6/E-commerce - Sala de Treinamento/saladetreinamento/upload/catalog/view/theme/default/template/module/featured.tpl on line 22
2015-01-03 3:10:01 - PHP Notice:  Array to string conversion in /Users/williantolotti/Work DP6/E-commerce - Sala de Treinamento/saladetreinamento/upload/catalog/view/theme/default/template/module/featured.tpl on line 22
2015-01-03 3:10:01 - PHP Notice:  Array to string conversion in /Users/williantolotti/Work DP6/E-commerce - Sala de Treinamento/saladetreinamento/upload/catalog/view/theme/default/template/module/featured.tpl on line 22
2015-01-03 3:10:01 - PHP Notice:  Array to string conversion in /Users/williantolotti/Work DP6/E-commerce - Sala de Treinamento/saladetreinamento/upload/catalog/view/theme/default/template/module/featured.tpl on line 22
2015-01-03 3:10:06 - PHP Notice:  Array to string conversion in /Users/williantolotti/Work DP6/E-commerce - Sala de Treinamento/saladetreinamento/upload/catalog/view/theme/default/template/module/featured.tpl on line 22
2015-01-03 3:10:06 - PHP Notice:  Array to string conversion in /Users/williantolotti/Work DP6/E-commerce - Sala de Treinamento/saladetreinamento/upload/catalog/view/theme/default/template/module/featured.tpl on line 22
2015-01-03 3:10:06 - PHP Notice:  Array to string conversion in /Users/williantolotti/Work DP6/E-commerce - Sala de Treinamento/saladetreinamento/upload/catalog/view/theme/default/template/module/featured.tpl on line 22
2015-01-03 3:10:06 - PHP Notice:  Array to string conversion in /Users/williantolotti/Work DP6/E-commerce - Sala de Treinamento/saladetreinamento/upload/catalog/view/theme/default/template/module/featured.tpl on line 22
2015-01-03 3:10:13 - PHP Notice:  Array to string conversion in /Users/williantolotti/Work DP6/E-commerce - Sala de Treinamento/saladetreinamento/upload/catalog/view/theme/default/template/module/featured.tpl on line 22
2015-01-03 3:10:13 - PHP Notice:  Array to string conversion in /Users/williantolotti/Work DP6/E-commerce - Sala de Treinamento/saladetreinamento/upload/catalog/view/theme/default/template/module/featured.tpl on line 22
2015-01-03 3:10:13 - PHP Notice:  Array to string conversion in /Users/williantolotti/Work DP6/E-commerce - Sala de Treinamento/saladetreinamento/upload/catalog/view/theme/default/template/module/featured.tpl on line 22
2015-01-03 3:10:13 - PHP Notice:  Array to string conversion in /Users/williantolotti/Work DP6/E-commerce - Sala de Treinamento/saladetreinamento/upload/catalog/view/theme/default/template/module/featured.tpl on line 22
2015-01-03 3:10:51 - PHP Notice:  Undefined index: id in /Users/williantolotti/Work DP6/E-commerce - Sala de Treinamento/saladetreinamento/upload/catalog/view/theme/default/template/module/featured.tpl on line 13
2015-01-03 3:10:51 - PHP Notice:  Undefined index: id in /Users/williantolotti/Work DP6/E-commerce - Sala de Treinamento/saladetreinamento/upload/catalog/view/theme/default/template/module/featured.tpl on line 13
2015-01-03 3:10:51 - PHP Notice:  Undefined index: id in /Users/williantolotti/Work DP6/E-commerce - Sala de Treinamento/saladetreinamento/upload/catalog/view/theme/default/template/module/featured.tpl on line 13
2015-01-03 3:10:51 - PHP Notice:  Undefined index: id in /Users/williantolotti/Work DP6/E-commerce - Sala de Treinamento/saladetreinamento/upload/catalog/view/theme/default/template/module/featured.tpl on line 13
2015-01-03 3:42:12 - PHP Notice:  Undefined variable: product in /Users/williantolotti/Work DP6/E-commerce - Sala de Treinamento/saladetreinamento/upload/catalog/view/theme/default/template/product/product.tpl on line 6
2015-01-03 3:42:12 - PHP Notice:  Undefined variable: product in /Users/williantolotti/Work DP6/E-commerce - Sala de Treinamento/saladetreinamento/upload/catalog/view/theme/default/template/product/product.tpl on line 7
2015-01-03 3:42:12 - PHP Notice:  Undefined variable: product in /Users/williantolotti/Work DP6/E-commerce - Sala de Treinamento/saladetreinamento/upload/catalog/view/theme/default/template/product/product.tpl on line 11
2015-01-03 3:42:12 - PHP Notice:  Undefined variable: product in /Users/williantolotti/Work DP6/E-commerce - Sala de Treinamento/saladetreinamento/upload/catalog/view/theme/default/template/product/product.tpl on line 12
2015-01-03 3:51:43 - PHP Notice:  Undefined variable: product in /Users/williantolotti/Work DP6/E-commerce - Sala de Treinamento/saladetreinamento/upload/catalog/view/theme/default/template/product/product.tpl on line 7
2015-01-03 3:51:43 - PHP Notice:  Undefined variable: product in /Users/williantolotti/Work DP6/E-commerce - Sala de Treinamento/saladetreinamento/upload/catalog/view/theme/default/template/product/product.tpl on line 11
2015-01-03 3:51:43 - PHP Notice:  Undefined variable: product in /Users/williantolotti/Work DP6/E-commerce - Sala de Treinamento/saladetreinamento/upload/catalog/view/theme/default/template/product/product.tpl on line 12
2015-01-03 3:52:02 - PHP Notice:  Undefined variable: product in /Users/williantolotti/Work DP6/E-commerce - Sala de Treinamento/saladetreinamento/upload/catalog/view/theme/default/template/product/product.tpl on line 8
2015-01-03 3:52:02 - PHP Notice:  Undefined variable: product in /Users/williantolotti/Work DP6/E-commerce - Sala de Treinamento/saladetreinamento/upload/catalog/view/theme/default/template/product/product.tpl on line 12
2015-01-03 3:52:02 - PHP Notice:  Undefined variable: product in /Users/williantolotti/Work DP6/E-commerce - Sala de Treinamento/saladetreinamento/upload/catalog/view/theme/default/template/product/product.tpl on line 13
2015-01-03 3:53:57 - PHP Notice:  Undefined index: name in /Users/williantolotti/Work DP6/E-commerce - Sala de Treinamento/saladetreinamento/upload/catalog/view/theme/default/template/product/product.tpl on line 13
2015-01-03 3:54:56 - PHP Notice:  Undefined offset: 1 in /Users/williantolotti/Work DP6/E-commerce - Sala de Treinamento/saladetreinamento/upload/catalog/view/theme/default/template/product/product.tpl on line 13
2015-01-03 17:12:44 - PHP Notice:  Undefined index: price in /Users/williantolotti/Work DP6/E-commerce - Sala de Treinamento/saladetreinamento/upload/catalog/view/theme/default/template/checkout/cart.tpl on line 6
2015-01-03 17:12:44 - PHP Notice:  Undefined index: special in /Users/williantolotti/Work DP6/E-commerce - Sala de Treinamento/saladetreinamento/upload/catalog/view/theme/default/template/checkout/cart.tpl on line 7
2015-01-03 17:12:44 - PHP Notice:  Undefined index: product_id in /Users/williantolotti/Work DP6/E-commerce - Sala de Treinamento/saladetreinamento/upload/catalog/view/theme/default/template/checkout/cart.tpl on line 11
2015-01-03 17:12:54 - PHP Notice:  Undefined index: price in /Users/williantolotti/Work DP6/E-commerce - Sala de Treinamento/saladetreinamento/upload/catalog/view/theme/default/template/checkout/cart.tpl on line 6
2015-01-03 17:12:54 - PHP Notice:  Undefined index: special in /Users/williantolotti/Work DP6/E-commerce - Sala de Treinamento/saladetreinamento/upload/catalog/view/theme/default/template/checkout/cart.tpl on line 7
2015-01-03 17:12:54 - PHP Notice:  Undefined index: product_id in /Users/williantolotti/Work DP6/E-commerce - Sala de Treinamento/saladetreinamento/upload/catalog/view/theme/default/template/checkout/cart.tpl on line 11
2015-01-03 17:13:24 - PHP Notice:  Undefined index: price in /Users/williantolotti/Work DP6/E-commerce - Sala de Treinamento/saladetreinamento/upload/catalog/view/theme/default/template/checkout/cart.tpl on line 7
2015-01-03 17:13:24 - PHP Notice:  Undefined index: special in /Users/williantolotti/Work DP6/E-commerce - Sala de Treinamento/saladetreinamento/upload/catalog/view/theme/default/template/checkout/cart.tpl on line 8
2015-01-03 17:13:24 - PHP Notice:  Undefined index: product_id in /Users/williantolotti/Work DP6/E-commerce - Sala de Treinamento/saladetreinamento/upload/catalog/view/theme/default/template/checkout/cart.tpl on line 12
2015-01-03 17:14:44 - PHP Notice:  Undefined index: price in /Users/williantolotti/Work DP6/E-commerce - Sala de Treinamento/saladetreinamento/upload/catalog/view/theme/default/template/checkout/cart.tpl on line 5
2015-01-03 17:14:44 - PHP Notice:  Undefined index: price in /Users/williantolotti/Work DP6/E-commerce - Sala de Treinamento/saladetreinamento/upload/catalog/view/theme/default/template/checkout/cart.tpl on line 7
2015-01-03 17:14:44 - PHP Notice:  Undefined index: special in /Users/williantolotti/Work DP6/E-commerce - Sala de Treinamento/saladetreinamento/upload/catalog/view/theme/default/template/checkout/cart.tpl on line 8
2015-01-03 17:14:44 - PHP Notice:  Undefined index: product_id in /Users/williantolotti/Work DP6/E-commerce - Sala de Treinamento/saladetreinamento/upload/catalog/view/theme/default/template/checkout/cart.tpl on line 12
2015-01-03 17:14:54 - PHP Notice:  Undefined index: price in /Users/williantolotti/Work DP6/E-commerce - Sala de Treinamento/saladetreinamento/upload/catalog/view/theme/default/template/checkout/cart.tpl on line 7
2015-01-03 17:14:54 - PHP Notice:  Undefined index: special in /Users/williantolotti/Work DP6/E-commerce - Sala de Treinamento/saladetreinamento/upload/catalog/view/theme/default/template/checkout/cart.tpl on line 8
2015-01-03 17:14:54 - PHP Notice:  Undefined index: product_id in /Users/williantolotti/Work DP6/E-commerce - Sala de Treinamento/saladetreinamento/upload/catalog/view/theme/default/template/checkout/cart.tpl on line 12
2015-01-03 17:16:31 - PHP Notice:  Undefined index: special in /Users/williantolotti/Work DP6/E-commerce - Sala de Treinamento/saladetreinamento/upload/catalog/view/theme/default/template/checkout/cart.tpl on line 59
2015-01-03 17:16:31 - PHP Notice:  Undefined index: product_id in /Users/williantolotti/Work DP6/E-commerce - Sala de Treinamento/saladetreinamento/upload/catalog/view/theme/default/template/checkout/cart.tpl on line 63
2015-01-03 17:16:33 - PHP Notice:  Undefined index: special in /Users/williantolotti/Work DP6/E-commerce - Sala de Treinamento/saladetreinamento/upload/catalog/view/theme/default/template/checkout/cart.tpl on line 59
2015-01-03 17:16:33 - PHP Notice:  Undefined index: product_id in /Users/williantolotti/Work DP6/E-commerce - Sala de Treinamento/saladetreinamento/upload/catalog/view/theme/default/template/checkout/cart.tpl on line 63
2015-01-03 17:17:16 - PHP Notice:  Undefined index: special in /Users/williantolotti/Work DP6/E-commerce - Sala de Treinamento/saladetreinamento/upload/catalog/view/theme/default/template/checkout/cart.tpl on line 58
2015-01-03 17:17:16 - PHP Notice:  Undefined index: product_id in /Users/williantolotti/Work DP6/E-commerce - Sala de Treinamento/saladetreinamento/upload/catalog/view/theme/default/template/checkout/cart.tpl on line 62
2015-01-03 17:18:12 - PHP Notice:  Undefined index: special in /Users/williantolotti/Work DP6/E-commerce - Sala de Treinamento/saladetreinamento/upload/catalog/view/theme/default/template/checkout/cart.tpl on line 58
2015-01-03 17:18:12 - PHP Notice:  Undefined index: product_id in /Users/williantolotti/Work DP6/E-commerce - Sala de Treinamento/saladetreinamento/upload/catalog/view/theme/default/template/checkout/cart.tpl on line 62
2015-01-03 17:19:48 - PHP Notice:  Undefined index: special in /Users/williantolotti/Work DP6/E-commerce - Sala de Treinamento/saladetreinamento/upload/catalog/view/theme/default/template/checkout/cart.tpl on line 58
2015-01-03 17:20:49 - PHP Notice:  Undefined index: special in /Users/williantolotti/Work DP6/E-commerce - Sala de Treinamento/saladetreinamento/upload/catalog/view/theme/default/template/checkout/cart.tpl on line 58
2015-01-03 17:20:49 - PHP Notice:  Undefined index: special in /Users/williantolotti/Work DP6/E-commerce - Sala de Treinamento/saladetreinamento/upload/catalog/view/theme/default/template/checkout/cart.tpl on line 58
2015-01-03 17:56:08 - PHP Notice:  Undefined index: special in /Users/williantolotti/Work DP6/E-commerce - Sala de Treinamento/saladetreinamento/upload/catalog/view/theme/default/template/checkout/cart.tpl on line 58
2015-01-03 17:56:08 - PHP Notice:  Undefined index: special in /Users/williantolotti/Work DP6/E-commerce - Sala de Treinamento/saladetreinamento/upload/catalog/view/theme/default/template/checkout/cart.tpl on line 58
2015-01-03 18:16:04 - PHP Notice:  Undefined index: special in /Users/williantolotti/Work DP6/E-commerce - Sala de Treinamento/saladetreinamento/upload/catalog/view/theme/default/template/checkout/cart.tpl on line 61
2015-01-03 18:16:04 - PHP Notice:  Undefined index: special in /Users/williantolotti/Work DP6/E-commerce - Sala de Treinamento/saladetreinamento/upload/catalog/view/theme/default/template/checkout/cart.tpl on line 61
2015-01-03 18:17:40 - PHP Notice:  Undefined index: special in /Users/williantolotti/Work DP6/E-commerce - Sala de Treinamento/saladetreinamento/upload/catalog/view/theme/default/template/checkout/cart.tpl on line 61
2015-01-03 18:17:40 - PHP Notice:  Undefined index: special in /Users/williantolotti/Work DP6/E-commerce - Sala de Treinamento/saladetreinamento/upload/catalog/view/theme/default/template/checkout/cart.tpl on line 61
2015-01-03 20:17:39 - PHP Notice:  Undefined index: special in /Users/williantolotti/Work DP6/E-commerce - Sala de Treinamento/saladetreinamento/upload/catalog/view/theme/default/template/checkout/cart.tpl on line 58
2015-01-03 20:17:39 - PHP Notice:  Undefined index: special in /Users/williantolotti/Work DP6/E-commerce - Sala de Treinamento/saladetreinamento/upload/catalog/view/theme/default/template/checkout/cart.tpl on line 61
2015-01-03 20:17:39 - PHP Notice:  Undefined index: special in /Users/williantolotti/Work DP6/E-commerce - Sala de Treinamento/saladetreinamento/upload/catalog/view/theme/default/template/checkout/cart.tpl on line 58
2015-01-03 20:17:39 - PHP Notice:  Undefined index: special in /Users/williantolotti/Work DP6/E-commerce - Sala de Treinamento/saladetreinamento/upload/catalog/view/theme/default/template/checkout/cart.tpl on line 61
2015-01-03 20:19:17 - PHP Notice:  Undefined index: special in /Users/williantolotti/Work DP6/E-commerce - Sala de Treinamento/saladetreinamento/upload/catalog/controller/checkout/cart.php on line 166
2015-01-03 20:19:17 - PHP Notice:  Undefined index: special in /Users/williantolotti/Work DP6/E-commerce - Sala de Treinamento/saladetreinamento/upload/catalog/controller/checkout/cart.php on line 166
2015-01-03 20:19:20 - PHP Notice:  Undefined index: special in /Users/williantolotti/Work DP6/E-commerce - Sala de Treinamento/saladetreinamento/upload/catalog/controller/checkout/cart.php on line 166
2015-01-03 20:19:20 - PHP Notice:  Undefined index: special in /Users/williantolotti/Work DP6/E-commerce - Sala de Treinamento/saladetreinamento/upload/catalog/controller/checkout/cart.php on line 166
2015-01-03 20:19:30 - PHP Notice:  Undefined index: special in /Users/williantolotti/Work DP6/E-commerce - Sala de Treinamento/saladetreinamento/upload/catalog/view/theme/default/template/checkout/cart.tpl on line 58
2015-01-03 20:19:30 - PHP Notice:  Undefined index: special in /Users/williantolotti/Work DP6/E-commerce - Sala de Treinamento/saladetreinamento/upload/catalog/view/theme/default/template/checkout/cart.tpl on line 61
2015-01-03 20:19:30 - PHP Notice:  Undefined index: special in /Users/williantolotti/Work DP6/E-commerce - Sala de Treinamento/saladetreinamento/upload/catalog/view/theme/default/template/checkout/cart.tpl on line 58
2015-01-03 20:19:30 - PHP Notice:  Undefined index: special in /Users/williantolotti/Work DP6/E-commerce - Sala de Treinamento/saladetreinamento/upload/catalog/view/theme/default/template/checkout/cart.tpl on line 61
2015-01-03 20:20:23 - PHP Notice:  Undefined index: special in /Users/williantolotti/Work DP6/E-commerce - Sala de Treinamento/saladetreinamento/upload/catalog/view/theme/default/template/checkout/cart.tpl on line 61
2015-01-03 20:20:23 - PHP Notice:  Undefined index: special in /Users/williantolotti/Work DP6/E-commerce - Sala de Treinamento/saladetreinamento/upload/catalog/view/theme/default/template/checkout/cart.tpl on line 61
2015-01-03 20:20:31 - PHP Notice:  Undefined index: special in /Users/williantolotti/Work DP6/E-commerce - Sala de Treinamento/saladetreinamento/upload/catalog/view/theme/default/template/checkout/cart.tpl on line 58
2015-01-03 20:20:31 - PHP Notice:  Undefined index: special in /Users/williantolotti/Work DP6/E-commerce - Sala de Treinamento/saladetreinamento/upload/catalog/view/theme/default/template/checkout/cart.tpl on line 61
2015-01-03 20:20:31 - PHP Notice:  Undefined index: special in /Users/williantolotti/Work DP6/E-commerce - Sala de Treinamento/saladetreinamento/upload/catalog/view/theme/default/template/checkout/cart.tpl on line 58
2015-01-03 20:20:31 - PHP Notice:  Undefined index: special in /Users/williantolotti/Work DP6/E-commerce - Sala de Treinamento/saladetreinamento/upload/catalog/view/theme/default/template/checkout/cart.tpl on line 61
2015-01-03 20:21:14 - PHP Notice:  Undefined index: special in /Users/williantolotti/Work DP6/E-commerce - Sala de Treinamento/saladetreinamento/upload/catalog/view/theme/default/template/checkout/cart.tpl on line 58
2015-01-03 20:21:14 - PHP Notice:  Undefined index: special in /Users/williantolotti/Work DP6/E-commerce - Sala de Treinamento/saladetreinamento/upload/catalog/view/theme/default/template/checkout/cart.tpl on line 61
2015-01-03 20:21:14 - PHP Notice:  Undefined index: special in /Users/williantolotti/Work DP6/E-commerce - Sala de Treinamento/saladetreinamento/upload/catalog/view/theme/default/template/checkout/cart.tpl on line 58
2015-01-03 20:21:14 - PHP Notice:  Undefined index: special in /Users/williantolotti/Work DP6/E-commerce - Sala de Treinamento/saladetreinamento/upload/catalog/view/theme/default/template/checkout/cart.tpl on line 61
2015-01-03 20:21:36 - PHP Notice:  Undefined index: special in /Users/williantolotti/Work DP6/E-commerce - Sala de Treinamento/saladetreinamento/upload/catalog/view/theme/default/template/checkout/cart.tpl on line 58
2015-01-03 20:21:36 - PHP Notice:  Undefined index: special in /Users/williantolotti/Work DP6/E-commerce - Sala de Treinamento/saladetreinamento/upload/catalog/view/theme/default/template/checkout/cart.tpl on line 61
2015-01-03 20:21:36 - PHP Notice:  Undefined index: special in /Users/williantolotti/Work DP6/E-commerce - Sala de Treinamento/saladetreinamento/upload/catalog/view/theme/default/template/checkout/cart.tpl on line 58
2015-01-03 20:21:36 - PHP Notice:  Undefined index: special in /Users/williantolotti/Work DP6/E-commerce - Sala de Treinamento/saladetreinamento/upload/catalog/view/theme/default/template/checkout/cart.tpl on line 61
2015-01-03 20:21:37 - PHP Notice:  Undefined index: special in /Users/williantolotti/Work DP6/E-commerce - Sala de Treinamento/saladetreinamento/upload/catalog/view/theme/default/template/checkout/cart.tpl on line 58
2015-01-03 20:21:37 - PHP Notice:  Undefined index: special in /Users/williantolotti/Work DP6/E-commerce - Sala de Treinamento/saladetreinamento/upload/catalog/view/theme/default/template/checkout/cart.tpl on line 61
2015-01-03 20:21:37 - PHP Notice:  Undefined index: special in /Users/williantolotti/Work DP6/E-commerce - Sala de Treinamento/saladetreinamento/upload/catalog/view/theme/default/template/checkout/cart.tpl on line 58
2015-01-03 20:21:37 - PHP Notice:  Undefined index: special in /Users/williantolotti/Work DP6/E-commerce - Sala de Treinamento/saladetreinamento/upload/catalog/view/theme/default/template/checkout/cart.tpl on line 61
2015-01-03 20:21:45 - PHP Notice:  Undefined index: special in /Users/williantolotti/Work DP6/E-commerce - Sala de Treinamento/saladetreinamento/upload/catalog/view/theme/default/template/checkout/cart.tpl on line 58
2015-01-03 20:21:45 - PHP Notice:  Undefined index: special in /Users/williantolotti/Work DP6/E-commerce - Sala de Treinamento/saladetreinamento/upload/catalog/view/theme/default/template/checkout/cart.tpl on line 61
2015-01-03 20:21:45 - PHP Notice:  Undefined index: special in /Users/williantolotti/Work DP6/E-commerce - Sala de Treinamento/saladetreinamento/upload/catalog/view/theme/default/template/checkout/cart.tpl on line 58
2015-01-03 20:21:45 - PHP Notice:  Undefined index: special in /Users/williantolotti/Work DP6/E-commerce - Sala de Treinamento/saladetreinamento/upload/catalog/view/theme/default/template/checkout/cart.tpl on line 61
2015-01-03 20:21:50 - PHP Notice:  Undefined index: special in /Users/williantolotti/Work DP6/E-commerce - Sala de Treinamento/saladetreinamento/upload/catalog/view/theme/default/template/checkout/cart.tpl on line 58
2015-01-03 20:21:50 - PHP Notice:  Undefined index: special in /Users/williantolotti/Work DP6/E-commerce - Sala de Treinamento/saladetreinamento/upload/catalog/view/theme/default/template/checkout/cart.tpl on line 61
2015-01-03 20:21:50 - PHP Notice:  Undefined index: special in /Users/williantolotti/Work DP6/E-commerce - Sala de Treinamento/saladetreinamento/upload/catalog/view/theme/default/template/checkout/cart.tpl on line 58
2015-01-03 20:21:50 - PHP Notice:  Undefined index: special in /Users/williantolotti/Work DP6/E-commerce - Sala de Treinamento/saladetreinamento/upload/catalog/view/theme/default/template/checkout/cart.tpl on line 61
2015-01-03 20:22:19 - PHP Notice:  Undefined index: special in /Users/williantolotti/Work DP6/E-commerce - Sala de Treinamento/saladetreinamento/upload/catalog/view/theme/default/template/checkout/cart.tpl on line 58
2015-01-03 20:22:19 - PHP Notice:  Undefined index: special in /Users/williantolotti/Work DP6/E-commerce - Sala de Treinamento/saladetreinamento/upload/catalog/view/theme/default/template/checkout/cart.tpl on line 61
2015-01-03 20:22:19 - PHP Notice:  Undefined index: special in /Users/williantolotti/Work DP6/E-commerce - Sala de Treinamento/saladetreinamento/upload/catalog/view/theme/default/template/checkout/cart.tpl on line 58
2015-01-03 20:22:19 - PHP Notice:  Undefined index: special in /Users/williantolotti/Work DP6/E-commerce - Sala de Treinamento/saladetreinamento/upload/catalog/view/theme/default/template/checkout/cart.tpl on line 61
2015-01-03 20:24:07 - PHP Notice:  Undefined index: special in /Users/williantolotti/Work DP6/E-commerce - Sala de Treinamento/saladetreinamento/upload/catalog/view/theme/default/template/checkout/cart.tpl on line 58
2015-01-03 20:24:07 - PHP Notice:  Undefined index: special in /Users/williantolotti/Work DP6/E-commerce - Sala de Treinamento/saladetreinamento/upload/catalog/view/theme/default/template/checkout/cart.tpl on line 61
2015-01-03 20:24:07 - PHP Notice:  Undefined index: special in /Users/williantolotti/Work DP6/E-commerce - Sala de Treinamento/saladetreinamento/upload/catalog/view/theme/default/template/checkout/cart.tpl on line 58
2015-01-03 20:24:07 - PHP Notice:  Undefined index: special in /Users/williantolotti/Work DP6/E-commerce - Sala de Treinamento/saladetreinamento/upload/catalog/view/theme/default/template/checkout/cart.tpl on line 61
2015-01-03 22:43:19 - PHP Notice:  Undefined index: special in /Users/williantolotti/Work DP6/E-commerce - Sala de Treinamento/saladetreinamento/upload/catalog/view/theme/default/template/checkout/cart.tpl on line 58
2015-01-03 22:43:19 - PHP Notice:  Undefined index: special in /Users/williantolotti/Work DP6/E-commerce - Sala de Treinamento/saladetreinamento/upload/catalog/view/theme/default/template/checkout/cart.tpl on line 61
2015-01-03 22:43:19 - PHP Notice:  Undefined index: special in /Users/williantolotti/Work DP6/E-commerce - Sala de Treinamento/saladetreinamento/upload/catalog/view/theme/default/template/checkout/cart.tpl on line 58
2015-01-03 22:43:19 - PHP Notice:  Undefined index: special in /Users/williantolotti/Work DP6/E-commerce - Sala de Treinamento/saladetreinamento/upload/catalog/view/theme/default/template/checkout/cart.tpl on line 61
2015-01-03 22:44:45 - PHP Notice:  Undefined variable: product_info in /Users/williantolotti/Work DP6/E-commerce - Sala de Treinamento/saladetreinamento/upload/catalog/controller/checkout/cart.php on line 97
2015-01-03 22:44:45 - PHP Notice:  Undefined variable: product_info in /Users/williantolotti/Work DP6/E-commerce - Sala de Treinamento/saladetreinamento/upload/catalog/controller/checkout/cart.php on line 97
2015-01-03 22:44:47 - PHP Notice:  Undefined variable: product_info in /Users/williantolotti/Work DP6/E-commerce - Sala de Treinamento/saladetreinamento/upload/catalog/controller/checkout/cart.php on line 97
2015-01-03 22:44:47 - PHP Notice:  Undefined variable: product_info in /Users/williantolotti/Work DP6/E-commerce - Sala de Treinamento/saladetreinamento/upload/catalog/controller/checkout/cart.php on line 97
2015-01-03 22:45:13 - PHP Notice:  Undefined index: special in /Users/williantolotti/Work DP6/E-commerce - Sala de Treinamento/saladetreinamento/upload/catalog/controller/checkout/cart.php on line 97
2015-01-03 22:45:13 - PHP Notice:  Undefined index: special in /Users/williantolotti/Work DP6/E-commerce - Sala de Treinamento/saladetreinamento/upload/catalog/controller/checkout/cart.php on line 97
2015-01-03 22:45:14 - PHP Notice:  Undefined index: special in /Users/williantolotti/Work DP6/E-commerce - Sala de Treinamento/saladetreinamento/upload/catalog/controller/checkout/cart.php on line 97
2015-01-03 22:45:14 - PHP Notice:  Undefined index: special in /Users/williantolotti/Work DP6/E-commerce - Sala de Treinamento/saladetreinamento/upload/catalog/controller/checkout/cart.php on line 97
2015-01-03 22:46:17 - PHP Notice:  Undefined index: special in /Users/williantolotti/Work DP6/E-commerce - Sala de Treinamento/saladetreinamento/upload/catalog/view/theme/default/template/checkout/cart.tpl on line 58
2015-01-03 22:46:17 - PHP Notice:  Undefined index: special in /Users/williantolotti/Work DP6/E-commerce - Sala de Treinamento/saladetreinamento/upload/catalog/view/theme/default/template/checkout/cart.tpl on line 61
2015-01-03 22:46:17 - PHP Notice:  Undefined index: special in /Users/williantolotti/Work DP6/E-commerce - Sala de Treinamento/saladetreinamento/upload/catalog/view/theme/default/template/checkout/cart.tpl on line 58
2015-01-03 22:46:17 - PHP Notice:  Undefined index: special in /Users/williantolotti/Work DP6/E-commerce - Sala de Treinamento/saladetreinamento/upload/catalog/view/theme/default/template/checkout/cart.tpl on line 61
2015-01-04 1:26:14 - PHP Notice:  Undefined index: special in /Users/williantolotti/Work DP6/E-commerce - Sala de Treinamento/saladetreinamento/upload/catalog/view/theme/default/template/checkout/cart.tpl on line 58
2015-01-04 1:26:14 - PHP Notice:  Undefined index: special in /Users/williantolotti/Work DP6/E-commerce - Sala de Treinamento/saladetreinamento/upload/catalog/view/theme/default/template/checkout/cart.tpl on line 61
2015-01-04 1:26:14 - PHP Notice:  Undefined index: special in /Users/williantolotti/Work DP6/E-commerce - Sala de Treinamento/saladetreinamento/upload/catalog/view/theme/default/template/checkout/cart.tpl on line 58
2015-01-04 1:26:14 - PHP Notice:  Undefined index: special in /Users/williantolotti/Work DP6/E-commerce - Sala de Treinamento/saladetreinamento/upload/catalog/view/theme/default/template/checkout/cart.tpl on line 61
2015-01-04 1:26:19 - PHP Notice:  Undefined index: special in /Users/williantolotti/Work DP6/E-commerce - Sala de Treinamento/saladetreinamento/upload/catalog/view/theme/default/template/checkout/cart.tpl on line 58
2015-01-04 1:26:19 - PHP Notice:  Undefined index: special in /Users/williantolotti/Work DP6/E-commerce - Sala de Treinamento/saladetreinamento/upload/catalog/view/theme/default/template/checkout/cart.tpl on line 61
2015-01-04 1:26:19 - PHP Notice:  Undefined index: special in /Users/williantolotti/Work DP6/E-commerce - Sala de Treinamento/saladetreinamento/upload/catalog/view/theme/default/template/checkout/cart.tpl on line 58
2015-01-04 1:26:19 - PHP Notice:  Undefined index: special in /Users/williantolotti/Work DP6/E-commerce - Sala de Treinamento/saladetreinamento/upload/catalog/view/theme/default/template/checkout/cart.tpl on line 61
2015-01-04 1:27:03 - PHP Notice:  Undefined index: special in /Users/williantolotti/Work DP6/E-commerce - Sala de Treinamento/saladetreinamento/upload/catalog/view/theme/default/template/checkout/cart.tpl on line 58
2015-01-04 1:27:03 - PHP Notice:  Undefined index: special in /Users/williantolotti/Work DP6/E-commerce - Sala de Treinamento/saladetreinamento/upload/catalog/view/theme/default/template/checkout/cart.tpl on line 61
2015-01-04 1:27:03 - PHP Notice:  Undefined index: special in /Users/williantolotti/Work DP6/E-commerce - Sala de Treinamento/saladetreinamento/upload/catalog/view/theme/default/template/checkout/cart.tpl on line 58
2015-01-04 1:27:03 - PHP Notice:  Undefined index: special in /Users/williantolotti/Work DP6/E-commerce - Sala de Treinamento/saladetreinamento/upload/catalog/view/theme/default/template/checkout/cart.tpl on line 61
2015-01-04 1:27:03 - PHP Notice:  Undefined index: special in /Users/williantolotti/Work DP6/E-commerce - Sala de Treinamento/saladetreinamento/upload/catalog/view/theme/default/template/checkout/cart.tpl on line 58
2015-01-04 1:27:03 - PHP Notice:  Undefined index: special in /Users/williantolotti/Work DP6/E-commerce - Sala de Treinamento/saladetreinamento/upload/catalog/view/theme/default/template/checkout/cart.tpl on line 61
2015-01-04 2:45:01 - PHP Notice:  Undefined index: special in /Users/williantolotti/Work DP6/E-commerce - Sala de Treinamento/saladetreinamento/upload/catalog/view/theme/default/template/checkout/cart.tpl on line 61
2015-01-04 2:45:01 - PHP Notice:  Undefined index: special in /Users/williantolotti/Work DP6/E-commerce - Sala de Treinamento/saladetreinamento/upload/catalog/view/theme/default/template/checkout/cart.tpl on line 61
2015-01-04 2:45:01 - PHP Notice:  Undefined index: special in /Users/williantolotti/Work DP6/E-commerce - Sala de Treinamento/saladetreinamento/upload/catalog/view/theme/default/template/checkout/cart.tpl on line 61
2015-01-04 2:45:07 - PHP Notice:  Undefined index: special in /Users/williantolotti/Work DP6/E-commerce - Sala de Treinamento/saladetreinamento/upload/catalog/view/theme/default/template/checkout/cart.tpl on line 60
2015-01-04 2:45:07 - PHP Notice:  Undefined index: special in /Users/williantolotti/Work DP6/E-commerce - Sala de Treinamento/saladetreinamento/upload/catalog/view/theme/default/template/checkout/cart.tpl on line 60
2015-01-04 2:45:07 - PHP Notice:  Undefined index: special in /Users/williantolotti/Work DP6/E-commerce - Sala de Treinamento/saladetreinamento/upload/catalog/view/theme/default/template/checkout/cart.tpl on line 60
2015-01-04 2:45:17 - PHP Notice:  Undefined index: special in /Users/williantolotti/Work DP6/E-commerce - Sala de Treinamento/saladetreinamento/upload/catalog/view/theme/default/template/checkout/cart.tpl on line 60
2015-01-04 2:45:17 - PHP Notice:  Undefined index: special in /Users/williantolotti/Work DP6/E-commerce - Sala de Treinamento/saladetreinamento/upload/catalog/view/theme/default/template/checkout/cart.tpl on line 60
2015-01-04 2:45:17 - PHP Notice:  Undefined index: special in /Users/williantolotti/Work DP6/E-commerce - Sala de Treinamento/saladetreinamento/upload/catalog/view/theme/default/template/checkout/cart.tpl on line 60
2015-01-04 4:03:49 - PHP Notice:  Undefined variable: products in /Users/williantolotti/Work DP6/E-commerce - Sala de Treinamento/saladetreinamento/upload/catalog/view/theme/default/template/checkout/checkout.tpl on line 8
2015-01-04 16:27:27 - PHP Notice:  Undefined variable: products in /Users/williantolotti/Work DP6/E-commerce - Sala de Treinamento/saladetreinamento/upload/catalog/view/theme/default/template/checkout/checkout.tpl on line 8
2015-01-04 16:27:35 - PHP Notice:  Undefined variable: product in /Users/williantolotti/Work DP6/E-commerce - Sala de Treinamento/saladetreinamento/upload/catalog/view/theme/default/template/checkout/checkout.tpl on line 8
2015-01-04 17:59:59 - PHP Warning:  session_start(): Cannot send session cache limiter - headers already sent (output started at /Users/williantolotti/Work DP6/E-commerce - Sala de Treinamento/saladetreinamento/config.php:4) in /Users/williantolotti/Work DP6/E-commerce - Sala de Treinamento/saladetreinamento/system/library/session.php on line 12
2015-01-04 17:59:59 - PHP Warning:  Cannot modify header information - headers already sent by (output started at /Users/williantolotti/Work DP6/E-commerce - Sala de Treinamento/saladetreinamento/config.php:4) in /Users/williantolotti/Work DP6/E-commerce - Sala de Treinamento/saladetreinamento/index.php on line 173
2015-01-04 17:59:59 - PHP Warning:  Cannot modify header information - headers already sent by (output started at /Users/williantolotti/Work DP6/E-commerce - Sala de Treinamento/saladetreinamento/config.php:4) in /Users/williantolotti/Work DP6/E-commerce - Sala de Treinamento/saladetreinamento/system/library/currency.php on line 45
2015-01-04 18:00:41 - PHP Warning:  session_start(): Cannot send session cache limiter - headers already sent (output started at /Users/williantolotti/Work DP6/E-commerce - Sala de Treinamento/saladetreinamento/config.php:4) in /Users/williantolotti/Work DP6/E-commerce - Sala de Treinamento/saladetreinamento/system/library/session.php on line 12
2015-01-04 18:00:41 - PHP Warning:  Cannot modify header information - headers already sent by (output started at /Users/williantolotti/Work DP6/E-commerce - Sala de Treinamento/saladetreinamento/config.php:4) in /Users/williantolotti/Work DP6/E-commerce - Sala de Treinamento/saladetreinamento/index.php on line 173
2015-01-04 18:00:41 - PHP Warning:  Cannot modify header information - headers already sent by (output started at /Users/williantolotti/Work DP6/E-commerce - Sala de Treinamento/saladetreinamento/config.php:4) in /Users/williantolotti/Work DP6/E-commerce - Sala de Treinamento/saladetreinamento/system/library/currency.php on line 45
2015-01-04 18:01:50 - PHP Warning:  session_start(): Cannot send session cache limiter - headers already sent (output started at /Users/williantolotti/Work DP6/E-commerce - Sala de Treinamento/saladetreinamento/config.php:4) in /Users/williantolotti/Work DP6/E-commerce - Sala de Treinamento/saladetreinamento/system/library/session.php on line 12
2015-01-04 18:01:50 - PHP Warning:  Cannot modify header information - headers already sent by (output started at /Users/williantolotti/Work DP6/E-commerce - Sala de Treinamento/saladetreinamento/config.php:4) in /Users/williantolotti/Work DP6/E-commerce - Sala de Treinamento/saladetreinamento/index.php on line 173
2015-01-04 18:01:50 - PHP Warning:  Cannot modify header information - headers already sent by (output started at /Users/williantolotti/Work DP6/E-commerce - Sala de Treinamento/saladetreinamento/config.php:4) in /Users/williantolotti/Work DP6/E-commerce - Sala de Treinamento/saladetreinamento/system/library/currency.php on line 45
2015-01-04 18:02:00 - PHP Warning:  session_start(): Cannot send session cookie - headers already sent by (output started at /Users/williantolotti/Work DP6/E-commerce - Sala de Treinamento/saladetreinamento/config.php:4) in /Users/williantolotti/Work DP6/E-commerce - Sala de Treinamento/saladetreinamento/system/library/session.php on line 12
2015-01-04 18:02:00 - PHP Warning:  session_start(): Cannot send session cache limiter - headers already sent (output started at /Users/williantolotti/Work DP6/E-commerce - Sala de Treinamento/saladetreinamento/config.php:4) in /Users/williantolotti/Work DP6/E-commerce - Sala de Treinamento/saladetreinamento/system/library/session.php on line 12
2015-01-04 18:02:00 - PHP Warning:  session_start(): Cannot send session cookie - headers already sent by (output started at /Users/williantolotti/Work DP6/E-commerce - Sala de Treinamento/saladetreinamento/config.php:4) in /Users/williantolotti/Work DP6/E-commerce - Sala de Treinamento/saladetreinamento/system/library/session.php on line 12
2015-01-04 18:02:00 - PHP Warning:  Cannot modify header information - headers already sent by (output started at /Users/williantolotti/Work DP6/E-commerce - Sala de Treinamento/saladetreinamento/config.php:4) in /Users/williantolotti/Work DP6/E-commerce - Sala de Treinamento/saladetreinamento/index.php on line 173
2015-01-04 18:02:00 - PHP Warning:  session_start(): Cannot send session cache limiter - headers already sent (output started at /Users/williantolotti/Work DP6/E-commerce - Sala de Treinamento/saladetreinamento/config.php:4) in /Users/williantolotti/Work DP6/E-commerce - Sala de Treinamento/saladetreinamento/system/library/session.php on line 12
2015-01-04 18:02:00 - PHP Warning:  Cannot modify header information - headers already sent by (output started at /Users/williantolotti/Work DP6/E-commerce - Sala de Treinamento/saladetreinamento/config.php:4) in /Users/williantolotti/Work DP6/E-commerce - Sala de Treinamento/saladetreinamento/index.php on line 173
2015-01-04 18:02:00 - PHP Warning:  Cannot modify header information - headers already sent by (output started at /Users/williantolotti/Work DP6/E-commerce - Sala de Treinamento/saladetreinamento/config.php:4) in /Users/williantolotti/Work DP6/E-commerce - Sala de Treinamento/saladetreinamento/system/library/currency.php on line 45
2015-01-04 18:02:00 - PHP Warning:  Cannot modify header information - headers already sent by (output started at /Users/williantolotti/Work DP6/E-commerce - Sala de Treinamento/saladetreinamento/config.php:4) in /Users/williantolotti/Work DP6/E-commerce - Sala de Treinamento/saladetreinamento/system/library/currency.php on line 45
2015-01-04 18:02:00 - PHP Warning:  session_start(): Cannot send session cookie - headers already sent by (output started at /Users/williantolotti/Work DP6/E-commerce - Sala de Treinamento/saladetreinamento/config.php:4) in /Users/williantolotti/Work DP6/E-commerce - Sala de Treinamento/saladetreinamento/system/library/session.php on line 12
2015-01-04 18:02:00 - PHP Warning:  session_start(): Cannot send session cache limiter - headers already sent (output started at /Users/williantolotti/Work DP6/E-commerce - Sala de Treinamento/saladetreinamento/config.php:4) in /Users/williantolotti/Work DP6/E-commerce - Sala de Treinamento/saladetreinamento/system/library/session.php on line 12
2015-01-04 18:02:00 - PHP Warning:  Cannot modify header information - headers already sent by (output started at /Users/williantolotti/Work DP6/E-commerce - Sala de Treinamento/saladetreinamento/config.php:4) in /Users/williantolotti/Work DP6/E-commerce - Sala de Treinamento/saladetreinamento/index.php on line 173
2015-01-04 18:02:00 - PHP Warning:  Cannot modify header information - headers already sent by (output started at /Users/williantolotti/Work DP6/E-commerce - Sala de Treinamento/saladetreinamento/config.php:4) in /Users/williantolotti/Work DP6/E-commerce - Sala de Treinamento/saladetreinamento/system/library/currency.php on line 45
2015-01-04 18:02:00 - PHP Warning:  session_start(): Cannot send session cookie - headers already sent by (output started at /Users/williantolotti/Work DP6/E-commerce - Sala de Treinamento/saladetreinamento/config.php:4) in /Users/williantolotti/Work DP6/E-commerce - Sala de Treinamento/saladetreinamento/system/library/session.php on line 12
2015-01-04 18:02:00 - PHP Warning:  session_start(): Cannot send session cache limiter - headers already sent (output started at /Users/williantolotti/Work DP6/E-commerce - Sala de Treinamento/saladetreinamento/config.php:4) in /Users/williantolotti/Work DP6/E-commerce - Sala de Treinamento/saladetreinamento/system/library/session.php on line 12
2015-01-04 18:02:00 - PHP Warning:  Cannot modify header information - headers already sent by (output started at /Users/williantolotti/Work DP6/E-commerce - Sala de Treinamento/saladetreinamento/config.php:4) in /Users/williantolotti/Work DP6/E-commerce - Sala de Treinamento/saladetreinamento/index.php on line 173
2015-01-04 18:02:00 - PHP Warning:  Cannot modify header information - headers already sent by (output started at /Users/williantolotti/Work DP6/E-commerce - Sala de Treinamento/saladetreinamento/config.php:4) in /Users/williantolotti/Work DP6/E-commerce - Sala de Treinamento/saladetreinamento/system/library/currency.php on line 45
2015-01-04 18:02:01 - PHP Warning:  session_start(): Cannot send session cookie - headers already sent by (output started at /Users/williantolotti/Work DP6/E-commerce - Sala de Treinamento/saladetreinamento/config.php:4) in /Users/williantolotti/Work DP6/E-commerce - Sala de Treinamento/saladetreinamento/system/library/session.php on line 12
2015-01-04 18:02:01 - PHP Warning:  session_start(): Cannot send session cache limiter - headers already sent (output started at /Users/williantolotti/Work DP6/E-commerce - Sala de Treinamento/saladetreinamento/config.php:4) in /Users/williantolotti/Work DP6/E-commerce - Sala de Treinamento/saladetreinamento/system/library/session.php on line 12
2015-01-04 18:02:01 - PHP Warning:  Cannot modify header information - headers already sent by (output started at /Users/williantolotti/Work DP6/E-commerce - Sala de Treinamento/saladetreinamento/config.php:4) in /Users/williantolotti/Work DP6/E-commerce - Sala de Treinamento/saladetreinamento/index.php on line 173
2015-01-04 18:02:01 - PHP Warning:  Cannot modify header information - headers already sent by (output started at /Users/williantolotti/Work DP6/E-commerce - Sala de Treinamento/saladetreinamento/config.php:4) in /Users/williantolotti/Work DP6/E-commerce - Sala de Treinamento/saladetreinamento/system/library/currency.php on line 45
2015-01-04 18:02:01 - PHP Warning:  session_start(): Cannot send session cookie - headers already sent by (output started at /Users/williantolotti/Work DP6/E-commerce - Sala de Treinamento/saladetreinamento/config.php:4) in /Users/williantolotti/Work DP6/E-commerce - Sala de Treinamento/saladetreinamento/system/library/session.php on line 12
2015-01-04 18:02:01 - PHP Warning:  session_start(): Cannot send session cache limiter - headers already sent (output started at /Users/williantolotti/Work DP6/E-commerce - Sala de Treinamento/saladetreinamento/config.php:4) in /Users/williantolotti/Work DP6/E-commerce - Sala de Treinamento/saladetreinamento/system/library/session.php on line 12
2015-01-04 18:02:01 - PHP Warning:  Cannot modify header information - headers already sent by (output started at /Users/williantolotti/Work DP6/E-commerce - Sala de Treinamento/saladetreinamento/config.php:4) in /Users/williantolotti/Work DP6/E-commerce - Sala de Treinamento/saladetreinamento/index.php on line 173
2015-01-04 18:02:01 - PHP Warning:  Cannot modify header information - headers already sent by (output started at /Users/williantolotti/Work DP6/E-commerce - Sala de Treinamento/saladetreinamento/config.php:4) in /Users/williantolotti/Work DP6/E-commerce - Sala de Treinamento/saladetreinamento/system/library/currency.php on line 45
2015-01-04 18:02:01 - PHP Warning:  session_start(): Cannot send session cookie - headers already sent by (output started at /Users/williantolotti/Work DP6/E-commerce - Sala de Treinamento/saladetreinamento/config.php:4) in /Users/williantolotti/Work DP6/E-commerce - Sala de Treinamento/saladetreinamento/system/library/session.php on line 12
2015-01-04 18:02:01 - PHP Warning:  session_start(): Cannot send session cache limiter - headers already sent (output started at /Users/williantolotti/Work DP6/E-commerce - Sala de Treinamento/saladetreinamento/config.php:4) in /Users/williantolotti/Work DP6/E-commerce - Sala de Treinamento/saladetreinamento/system/library/session.php on line 12
2015-01-04 18:02:01 - PHP Warning:  Cannot modify header information - headers already sent by (output started at /Users/williantolotti/Work DP6/E-commerce - Sala de Treinamento/saladetreinamento/config.php:4) in /Users/williantolotti/Work DP6/E-commerce - Sala de Treinamento/saladetreinamento/index.php on line 173
2015-01-04 18:02:01 - PHP Warning:  Cannot modify header information - headers already sent by (output started at /Users/williantolotti/Work DP6/E-commerce - Sala de Treinamento/saladetreinamento/config.php:4) in /Users/williantolotti/Work DP6/E-commerce - Sala de Treinamento/saladetreinamento/system/library/currency.php on line 45
2015-01-04 18:02:01 - PHP Warning:  session_start(): Cannot send session cookie - headers already sent by (output started at /Users/williantolotti/Work DP6/E-commerce - Sala de Treinamento/saladetreinamento/config.php:4) in /Users/williantolotti/Work DP6/E-commerce - Sala de Treinamento/saladetreinamento/system/library/session.php on line 12
2015-01-04 18:02:01 - PHP Warning:  session_start(): Cannot send session cache limiter - headers already sent (output started at /Users/williantolotti/Work DP6/E-commerce - Sala de Treinamento/saladetreinamento/config.php:4) in /Users/williantolotti/Work DP6/E-commerce - Sala de Treinamento/saladetreinamento/system/library/session.php on line 12
2015-01-04 18:02:01 - PHP Warning:  Cannot modify header information - headers already sent by (output started at /Users/williantolotti/Work DP6/E-commerce - Sala de Treinamento/saladetreinamento/config.php:4) in /Users/williantolotti/Work DP6/E-commerce - Sala de Treinamento/saladetreinamento/index.php on line 173
2015-01-04 18:02:01 - PHP Warning:  Cannot modify header information - headers already sent by (output started at /Users/williantolotti/Work DP6/E-commerce - Sala de Treinamento/saladetreinamento/config.php:4) in /Users/williantolotti/Work DP6/E-commerce - Sala de Treinamento/saladetreinamento/system/library/currency.php on line 45
2015-01-04 18:02:01 - PHP Warning:  session_start(): Cannot send session cookie - headers already sent by (output started at /Users/williantolotti/Work DP6/E-commerce - Sala de Treinamento/saladetreinamento/config.php:4) in /Users/williantolotti/Work DP6/E-commerce - Sala de Treinamento/saladetreinamento/system/library/session.php on line 12
2015-01-04 18:02:01 - PHP Warning:  session_start(): Cannot send session cache limiter - headers already sent (output started at /Users/williantolotti/Work DP6/E-commerce - Sala de Treinamento/saladetreinamento/config.php:4) in /Users/williantolotti/Work DP6/E-commerce - Sala de Treinamento/saladetreinamento/system/library/session.php on line 12
2015-01-04 18:02:01 - PHP Warning:  Cannot modify header information - headers already sent by (output started at /Users/williantolotti/Work DP6/E-commerce - Sala de Treinamento/saladetreinamento/config.php:4) in /Users/williantolotti/Work DP6/E-commerce - Sala de Treinamento/saladetreinamento/index.php on line 173
2015-01-04 18:02:01 - PHP Warning:  Cannot modify header information - headers already sent by (output started at /Users/williantolotti/Work DP6/E-commerce - Sala de Treinamento/saladetreinamento/config.php:4) in /Users/williantolotti/Work DP6/E-commerce - Sala de Treinamento/saladetreinamento/system/library/currency.php on line 45
2015-01-04 18:02:01 - PHP Warning:  session_start(): Cannot send session cookie - headers already sent by (output started at /Users/williantolotti/Work DP6/E-commerce - Sala de Treinamento/saladetreinamento/config.php:4) in /Users/williantolotti/Work DP6/E-commerce - Sala de Treinamento/saladetreinamento/system/library/session.php on line 12
2015-01-04 18:02:01 - PHP Warning:  session_start(): Cannot send session cache limiter - headers already sent (output started at /Users/williantolotti/Work DP6/E-commerce - Sala de Treinamento/saladetreinamento/config.php:4) in /Users/williantolotti/Work DP6/E-commerce - Sala de Treinamento/saladetreinamento/system/library/session.php on line 12
2015-01-04 18:02:01 - PHP Warning:  Cannot modify header information - headers already sent by (output started at /Users/williantolotti/Work DP6/E-commerce - Sala de Treinamento/saladetreinamento/config.php:4) in /Users/williantolotti/Work DP6/E-commerce - Sala de Treinamento/saladetreinamento/index.php on line 173
2015-01-04 18:02:01 - PHP Warning:  Cannot modify header information - headers already sent by (output started at /Users/williantolotti/Work DP6/E-commerce - Sala de Treinamento/saladetreinamento/config.php:4) in /Users/williantolotti/Work DP6/E-commerce - Sala de Treinamento/saladetreinamento/system/library/currency.php on line 45
2015-01-04 18:02:08 - PHP Warning:  session_start(): Cannot send session cookie - headers already sent by (output started at /Users/williantolotti/Work DP6/E-commerce - Sala de Treinamento/saladetreinamento/config.php:4) in /Users/williantolotti/Work DP6/E-commerce - Sala de Treinamento/saladetreinamento/system/library/session.php on line 12
2015-01-04 18:02:08 - PHP Warning:  session_start(): Cannot send session cookie - headers already sent by (output started at /Users/williantolotti/Work DP6/E-commerce - Sala de Treinamento/saladetreinamento/config.php:4) in /Users/williantolotti/Work DP6/E-commerce - Sala de Treinamento/saladetreinamento/system/library/session.php on line 12
2015-01-04 18:02:08 - PHP Warning:  session_start(): Cannot send session cache limiter - headers already sent (output started at /Users/williantolotti/Work DP6/E-commerce - Sala de Treinamento/saladetreinamento/config.php:4) in /Users/williantolotti/Work DP6/E-commerce - Sala de Treinamento/saladetreinamento/system/library/session.php on line 12
2015-01-04 18:02:08 - PHP Warning:  session_start(): Cannot send session cache limiter - headers already sent (output started at /Users/williantolotti/Work DP6/E-commerce - Sala de Treinamento/saladetreinamento/config.php:4) in /Users/williantolotti/Work DP6/E-commerce - Sala de Treinamento/saladetreinamento/system/library/session.php on line 12
2015-01-04 18:02:08 - PHP Warning:  Cannot modify header information - headers already sent by (output started at /Users/williantolotti/Work DP6/E-commerce - Sala de Treinamento/saladetreinamento/config.php:4) in /Users/williantolotti/Work DP6/E-commerce - Sala de Treinamento/saladetreinamento/index.php on line 173
2015-01-04 18:02:08 - PHP Warning:  Cannot modify header information - headers already sent by (output started at /Users/williantolotti/Work DP6/E-commerce - Sala de Treinamento/saladetreinamento/config.php:4) in /Users/williantolotti/Work DP6/E-commerce - Sala de Treinamento/saladetreinamento/index.php on line 173
2015-01-04 18:02:08 - PHP Warning:  Cannot modify header information - headers already sent by (output started at /Users/williantolotti/Work DP6/E-commerce - Sala de Treinamento/saladetreinamento/config.php:4) in /Users/williantolotti/Work DP6/E-commerce - Sala de Treinamento/saladetreinamento/system/library/currency.php on line 45
2015-01-04 18:02:08 - PHP Warning:  Cannot modify header information - headers already sent by (output started at /Users/williantolotti/Work DP6/E-commerce - Sala de Treinamento/saladetreinamento/config.php:4) in /Users/williantolotti/Work DP6/E-commerce - Sala de Treinamento/saladetreinamento/system/library/currency.php on line 45
2015-01-04 18:02:09 - PHP Warning:  session_start(): Cannot send session cookie - headers already sent by (output started at /Users/williantolotti/Work DP6/E-commerce - Sala de Treinamento/saladetreinamento/config.php:4) in /Users/williantolotti/Work DP6/E-commerce - Sala de Treinamento/saladetreinamento/system/library/session.php on line 12
2015-01-04 18:02:09 - PHP Warning:  session_start(): Cannot send session cache limiter - headers already sent (output started at /Users/williantolotti/Work DP6/E-commerce - Sala de Treinamento/saladetreinamento/config.php:4) in /Users/williantolotti/Work DP6/E-commerce - Sala de Treinamento/saladetreinamento/system/library/session.php on line 12
2015-01-04 18:02:09 - PHP Warning:  Cannot modify header information - headers already sent by (output started at /Users/williantolotti/Work DP6/E-commerce - Sala de Treinamento/saladetreinamento/config.php:4) in /Users/williantolotti/Work DP6/E-commerce - Sala de Treinamento/saladetreinamento/index.php on line 173
2015-01-04 18:02:09 - PHP Warning:  Cannot modify header information - headers already sent by (output started at /Users/williantolotti/Work DP6/E-commerce - Sala de Treinamento/saladetreinamento/config.php:4) in /Users/williantolotti/Work DP6/E-commerce - Sala de Treinamento/saladetreinamento/system/library/currency.php on line 45
2015-01-04 18:02:09 - PHP Warning:  session_start(): Cannot send session cookie - headers already sent by (output started at /Users/williantolotti/Work DP6/E-commerce - Sala de Treinamento/saladetreinamento/config.php:4) in /Users/williantolotti/Work DP6/E-commerce - Sala de Treinamento/saladetreinamento/system/library/session.php on line 12
2015-01-04 18:02:09 - PHP Warning:  session_start(): Cannot send session cache limiter - headers already sent (output started at /Users/williantolotti/Work DP6/E-commerce - Sala de Treinamento/saladetreinamento/config.php:4) in /Users/williantolotti/Work DP6/E-commerce - Sala de Treinamento/saladetreinamento/system/library/session.php on line 12
2015-01-04 18:02:09 - PHP Warning:  Cannot modify header information - headers already sent by (output started at /Users/williantolotti/Work DP6/E-commerce - Sala de Treinamento/saladetreinamento/config.php:4) in /Users/williantolotti/Work DP6/E-commerce - Sala de Treinamento/saladetreinamento/index.php on line 173
2015-01-04 18:02:09 - PHP Warning:  Cannot modify header information - headers already sent by (output started at /Users/williantolotti/Work DP6/E-commerce - Sala de Treinamento/saladetreinamento/config.php:4) in /Users/williantolotti/Work DP6/E-commerce - Sala de Treinamento/saladetreinamento/system/library/currency.php on line 45
2015-01-04 18:02:09 - PHP Warning:  session_start(): Cannot send session cookie - headers already sent by (output started at /Users/williantolotti/Work DP6/E-commerce - Sala de Treinamento/saladetreinamento/config.php:4) in /Users/williantolotti/Work DP6/E-commerce - Sala de Treinamento/saladetreinamento/system/library/session.php on line 12
2015-01-04 18:02:09 - PHP Warning:  session_start(): Cannot send session cache limiter - headers already sent (output started at /Users/williantolotti/Work DP6/E-commerce - Sala de Treinamento/saladetreinamento/config.php:4) in /Users/williantolotti/Work DP6/E-commerce - Sala de Treinamento/saladetreinamento/system/library/session.php on line 12
2015-01-04 18:02:09 - PHP Warning:  Cannot modify header information - headers already sent by (output started at /Users/williantolotti/Work DP6/E-commerce - Sala de Treinamento/saladetreinamento/config.php:4) in /Users/williantolotti/Work DP6/E-commerce - Sala de Treinamento/saladetreinamento/index.php on line 173
2015-01-04 18:02:09 - PHP Warning:  Cannot modify header information - headers already sent by (output started at /Users/williantolotti/Work DP6/E-commerce - Sala de Treinamento/saladetreinamento/config.php:4) in /Users/williantolotti/Work DP6/E-commerce - Sala de Treinamento/saladetreinamento/system/library/currency.php on line 45
2015-01-04 18:02:09 - PHP Warning:  session_start(): Cannot send session cookie - headers already sent by (output started at /Users/williantolotti/Work DP6/E-commerce - Sala de Treinamento/saladetreinamento/config.php:4) in /Users/williantolotti/Work DP6/E-commerce - Sala de Treinamento/saladetreinamento/system/library/session.php on line 12
2015-01-04 18:02:09 - PHP Warning:  session_start(): Cannot send session cache limiter - headers already sent (output started at /Users/williantolotti/Work DP6/E-commerce - Sala de Treinamento/saladetreinamento/config.php:4) in /Users/williantolotti/Work DP6/E-commerce - Sala de Treinamento/saladetreinamento/system/library/session.php on line 12
2015-01-04 18:02:09 - PHP Warning:  Cannot modify header information - headers already sent by (output started at /Users/williantolotti/Work DP6/E-commerce - Sala de Treinamento/saladetreinamento/config.php:4) in /Users/williantolotti/Work DP6/E-commerce - Sala de Treinamento/saladetreinamento/index.php on line 173
2015-01-04 18:02:09 - PHP Warning:  Cannot modify header information - headers already sent by (output started at /Users/williantolotti/Work DP6/E-commerce - Sala de Treinamento/saladetreinamento/config.php:4) in /Users/williantolotti/Work DP6/E-commerce - Sala de Treinamento/saladetreinamento/system/library/currency.php on line 45
2015-01-04 18:02:09 - PHP Warning:  session_start(): Cannot send session cookie - headers already sent by (output started at /Users/williantolotti/Work DP6/E-commerce - Sala de Treinamento/saladetreinamento/config.php:4) in /Users/williantolotti/Work DP6/E-commerce - Sala de Treinamento/saladetreinamento/system/library/session.php on line 12
2015-01-04 18:02:09 - PHP Warning:  session_start(): Cannot send session cache limiter - headers already sent (output started at /Users/williantolotti/Work DP6/E-commerce - Sala de Treinamento/saladetreinamento/config.php:4) in /Users/williantolotti/Work DP6/E-commerce - Sala de Treinamento/saladetreinamento/system/library/session.php on line 12
2015-01-04 18:02:09 - PHP Warning:  Cannot modify header information - headers already sent by (output started at /Users/williantolotti/Work DP6/E-commerce - Sala de Treinamento/saladetreinamento/config.php:4) in /Users/williantolotti/Work DP6/E-commerce - Sala de Treinamento/saladetreinamento/index.php on line 173
2015-01-04 18:02:09 - PHP Warning:  Cannot modify header information - headers already sent by (output started at /Users/williantolotti/Work DP6/E-commerce - Sala de Treinamento/saladetreinamento/config.php:4) in /Users/williantolotti/Work DP6/E-commerce - Sala de Treinamento/saladetreinamento/system/library/currency.php on line 45
2015-01-04 18:02:09 - PHP Warning:  session_start(): Cannot send session cookie - headers already sent by (output started at /Users/williantolotti/Work DP6/E-commerce - Sala de Treinamento/saladetreinamento/config.php:4) in /Users/williantolotti/Work DP6/E-commerce - Sala de Treinamento/saladetreinamento/system/library/session.php on line 12
2015-01-04 18:02:09 - PHP Warning:  session_start(): Cannot send session cache limiter - headers already sent (output started at /Users/williantolotti/Work DP6/E-commerce - Sala de Treinamento/saladetreinamento/config.php:4) in /Users/williantolotti/Work DP6/E-commerce - Sala de Treinamento/saladetreinamento/system/library/session.php on line 12
2015-01-04 18:02:09 - PHP Warning:  Cannot modify header information - headers already sent by (output started at /Users/williantolotti/Work DP6/E-commerce - Sala de Treinamento/saladetreinamento/config.php:4) in /Users/williantolotti/Work DP6/E-commerce - Sala de Treinamento/saladetreinamento/index.php on line 173
2015-01-04 18:02:09 - PHP Warning:  Cannot modify header information - headers already sent by (output started at /Users/williantolotti/Work DP6/E-commerce - Sala de Treinamento/saladetreinamento/config.php:4) in /Users/williantolotti/Work DP6/E-commerce - Sala de Treinamento/saladetreinamento/system/library/currency.php on line 45
2015-01-04 18:02:09 - PHP Warning:  session_start(): Cannot send session cookie - headers already sent by (output started at /Users/williantolotti/Work DP6/E-commerce - Sala de Treinamento/saladetreinamento/config.php:4) in /Users/williantolotti/Work DP6/E-commerce - Sala de Treinamento/saladetreinamento/system/library/session.php on line 12
2015-01-04 18:02:09 - PHP Warning:  session_start(): Cannot send session cache limiter - headers already sent (output started at /Users/williantolotti/Work DP6/E-commerce - Sala de Treinamento/saladetreinamento/config.php:4) in /Users/williantolotti/Work DP6/E-commerce - Sala de Treinamento/saladetreinamento/system/library/session.php on line 12
2015-01-04 18:02:09 - PHP Warning:  Cannot modify header information - headers already sent by (output started at /Users/williantolotti/Work DP6/E-commerce - Sala de Treinamento/saladetreinamento/config.php:4) in /Users/williantolotti/Work DP6/E-commerce - Sala de Treinamento/saladetreinamento/index.php on line 173
2015-01-04 18:02:09 - PHP Warning:  Cannot modify header information - headers already sent by (output started at /Users/williantolotti/Work DP6/E-commerce - Sala de Treinamento/saladetreinamento/config.php:4) in /Users/williantolotti/Work DP6/E-commerce - Sala de Treinamento/saladetreinamento/system/library/currency.php on line 45
2015-01-04 18:02:10 - PHP Warning:  session_start(): Cannot send session cookie - headers already sent by (output started at /Users/williantolotti/Work DP6/E-commerce - Sala de Treinamento/saladetreinamento/config.php:4) in /Users/williantolotti/Work DP6/E-commerce - Sala de Treinamento/saladetreinamento/system/library/session.php on line 12
2015-01-04 18:02:10 - PHP Warning:  session_start(): Cannot send session cache limiter - headers already sent (output started at /Users/williantolotti/Work DP6/E-commerce - Sala de Treinamento/saladetreinamento/config.php:4) in /Users/williantolotti/Work DP6/E-commerce - Sala de Treinamento/saladetreinamento/system/library/session.php on line 12
2015-01-04 18:02:10 - PHP Warning:  Cannot modify header information - headers already sent by (output started at /Users/williantolotti/Work DP6/E-commerce - Sala de Treinamento/saladetreinamento/config.php:4) in /Users/williantolotti/Work DP6/E-commerce - Sala de Treinamento/saladetreinamento/index.php on line 173
2015-01-04 18:02:10 - PHP Warning:  Cannot modify header information - headers already sent by (output started at /Users/williantolotti/Work DP6/E-commerce - Sala de Treinamento/saladetreinamento/config.php:4) in /Users/williantolotti/Work DP6/E-commerce - Sala de Treinamento/saladetreinamento/system/library/currency.php on line 45
